 -- Frame 1 Framerate: 19.9 [Low Framerate]
 -- Frame 2 Framerate: 1.5 [Very Low Framerate]
 -- Frame 3 Framerate: 4.4 [Very Low Framerate]
 -- Frame 4 Framerate: 3.5 [Very Low Framerate]
 -- Frame 5 Framerate: 0.9 [Very Low Framerate]
 -- Frame 6 Framerate: 0.4 [Very Low Framerate]
 -- Frame 7 Framerate: 0.5 [Very Low Framerate]
 -- Frame 8 Framerate: 82.0 [Very Good Framerate]
 -- Frame 9 Framerate: 202.9 [Very Good Framerate]
 -- Frame 10 Framerate: 92.8 [Very Good Framerate]
 -- Frame 11 Framerate: 35.3 [Good Framerate]
 -- Frame 12 Framerate: 252.9 [Very Good Framerate]
 -- Frame 13 Framerate: 73.0 [Very Good Framerate]
 -- Frame 14 Framerate: 67.7 [Very Good Framerate]
 -- Frame 15 Framerate: 67.5 [Very Good Framerate]
 -- Frame 16 Framerate: 67.4 [Very Good Framerate]
 -- Frame 17 Framerate: 69.0 [Very Good Framerate]
 -- Frame 18 Framerate: 67.1 [Very Good Framerate]
 -- Frame 19 Framerate: 67.0 [Very Good Framerate]
 -- Frame 20 Framerate: 66.5 [Very Good Framerate]
 -- Frame 21 Framerate: 67.9 [Very Good Framerate]
 -- Frame 22 Framerate: 81.3 [Very Good Framerate]
 -- Frame 23 Framerate: 67.2 [Very Good Framerate]
 -- Frame 24 Framerate: 66.0 [Very Good Framerate]
 -- Frame 25 Framerate: 67.9 [Very Good Framerate]
 -- Frame 26 Framerate: 66.5 [Very Good Framerate]
 -- Frame 27 Framerate: 67.1 [Very Good Framerate]
 -- Frame 28 Framerate: 67.7 [Very Good Framerate]
 -- Frame 29 Framerate: 62.9 [Very Good Framerate]
 -- Frame 30 Framerate: 60.9 [Very Good Framerate]
 -- Frame 31 Framerate: 81.5 [Very Good Framerate]
 -- Frame 32 Framerate: 66.1 [Very Good Framerate]
 -- Frame 33 Framerate: 68.8 [Very Good Framerate]
 -- Frame 34 Framerate: 67.7 [Very Good Framerate]
 -- Frame 35 Framerate: 66.9 [Very Good Framerate]
 -- Frame 36 Framerate: 70.1 [Very Good Framerate]
 -- Frame 37 Framerate: 66.9 [Very Good Framerate]
 -- Frame 38 Framerate: 66.5 [Very Good Framerate]
 -- Frame 39 Framerate: 80.1 [Very Good Framerate]
 -- Frame 40 Framerate: 77.8 [Very Good Framerate]
 -- Frame 41 Framerate: 21.3 [Okay Framerate]
 -- Frame 42 Framerate: 350.3 [Very Good Framerate]
 -- Frame 43 Framerate: 66.3 [Very Good Framerate]
 -- Frame 44 Framerate: 66.9 [Very Good Framerate]
 -- Frame 45 Framerate: 65.3 [Very Good Framerate]
 -- Frame 46 Framerate: 65.6 [Very Good Framerate]
 -- Frame 47 Framerate: 73.7 [Very Good Framerate]
 -- Frame 48 Framerate: 66.3 [Very Good Framerate]
 -- Frame 49 Framerate: 67.7 [Very Good Framerate]
 -- Frame 50 Framerate: 66.2 [Very Good Framerate]
 -- Frame 51 Framerate: 67.6 [Very Good Framerate]
 -- Frame 52 Framerate: 66.6 [Very Good Framerate]
 -- Frame 53 Framerate: 66.9 [Very Good Framerate]
 -- Frame 54 Framerate: 66.2 [Very Good Framerate]
 -- Frame 55 Framerate: 66.8 [Very Good Framerate]
 -- Frame 56 Framerate: 67.6 [Very Good Framerate]
 -- Frame 57 Framerate: 66.0 [Very Good Framerate]
 -- Frame 58 Framerate: 68.1 [Very Good Framerate]
 -- Frame 59 Framerate: 66.5 [Very Good Framerate]
 -- Frame 60 Framerate: 68.0 [Very Good Framerate]
 -- Frame 61 Framerate: 67.0 [Very Good Framerate]
 -- Frame 62 Framerate: 67.2 [Very Good Framerate]
 -- Frame 63 Framerate: 66.8 [Very Good Framerate]
 -- Frame 64 Framerate: 67.6 [Very Good Framerate]
 -- Frame 65 Framerate: 66.0 [Very Good Framerate]
 -- Frame 66 Framerate: 67.0 [Very Good Framerate]
 -- Frame 67 Framerate: 67.7 [Very Good Framerate]
 -- Frame 68 Framerate: 66.9 [Very Good Framerate]
 -- Frame 69 Framerate: 67.7 [Very Good Framerate]
 -- Frame 70 Framerate: 66.6 [Very Good Framerate]
 -- Frame 71 Framerate: 66.9 [Very Good Framerate]
 -- Frame 72 Framerate: 67.2 [Very Good Framerate]
 -- Frame 73 Framerate: 66.3 [Very Good Framerate]
 -- Frame 74 Framerate: 67.8 [Very Good Framerate]
 -- Frame 75 Framerate: 68.0 [Very Good Framerate]
 -- Frame 76 Framerate: 65.5 [Very Good Framerate]
 -- Frame 77 Framerate: 69.7 [Very Good Framerate]
 -- Frame 78 Framerate: 67.2 [Very Good Framerate]
 -- Frame 79 Framerate: 65.4 [Very Good Framerate]
 -- Frame 80 Framerate: 67.8 [Very Good Framerate]
 -- Frame 81 Framerate: 68.0 [Very Good Framerate]
 -- Frame 82 Framerate: 66.6 [Very Good Framerate]
 -- Frame 83 Framerate: 67.2 [Very Good Framerate]
 -- Frame 84 Framerate: 67.4 [Very Good Framerate]
 -- Frame 85 Framerate: 67.0 [Very Good Framerate]
 -- Frame 86 Framerate: 66.4 [Very Good Framerate]
 -- Frame 87 Framerate: 67.2 [Very Good Framerate]
 -- Frame 88 Framerate: 66.4 [Very Good Framerate]
 -- Frame 89 Framerate: 67.0 [Very Good Framerate]
 -- Frame 90 Framerate: 67.2 [Very Good Framerate]
 -- Frame 91 Framerate: 67.3 [Very Good Framerate]
 -- Frame 92 Framerate: 66.8 [Very Good Framerate]
 -- Frame 93 Framerate: 68.7 [Very Good Framerate]
 -- Frame 94 Framerate: 66.4 [Very Good Framerate]
 -- Frame 95 Framerate: 67.1 [Very Good Framerate]
 -- Frame 96 Framerate: 67.5 [Very Good Framerate]
 -- Frame 97 Framerate: 67.1 [Very Good Framerate]
 -- Frame 98 Framerate: 66.8 [Very Good Framerate]
 -- Frame 99 Framerate: 66.5 [Very Good Framerate]
 -- Frame 100 Framerate: 66.3 [Very Good Framerate]
 -- Frame 101 Framerate: 66.9 [Very Good Framerate]
 -- Frame 102 Framerate: 66.7 [Very Good Framerate]
 -- Frame 103 Framerate: 66.4 [Very Good Framerate]
 -- Frame 104 Framerate: 67.4 [Very Good Framerate]
 -- Frame 105 Framerate: 65.3 [Very Good Framerate]
 -- Frame 106 Framerate: 67.8 [Very Good Framerate]
 -- Frame 107 Framerate: 67.5 [Very Good Framerate]
 -- Frame 108 Framerate: 66.4 [Very Good Framerate]
 -- Frame 109 Framerate: 67.1 [Very Good Framerate]
 -- Frame 110 Framerate: 67.1 [Very Good Framerate]
 -- Frame 111 Framerate: 65.8 [Very Good Framerate]
 -- Frame 112 Framerate: 67.1 [Very Good Framerate]
 -- Frame 113 Framerate: 66.5 [Very Good Framerate]
 -- Frame 114 Framerate: 67.0 [Very Good Framerate]
 -- Frame 115 Framerate: 66.4 [Very Good Framerate]
 -- Frame 116 Framerate: 67.8 [Very Good Framerate]
 -- Frame 117 Framerate: 65.5 [Very Good Framerate]
 -- Frame 118 Framerate: 67.4 [Very Good Framerate]
 -- Frame 119 Framerate: 67.4 [Very Good Framerate]
 -- Frame 120 Framerate: 66.8 [Very Good Framerate]
 -- Frame 121 Framerate: 41.0 [Very Good Framerate]
 -- Frame 122 Framerate: 185.4 [Very Good Framerate]
 -- Frame 123 Framerate: 65.7 [Very Good Framerate]
 -- Frame 124 Framerate: 65.9 [Very Good Framerate]
 -- Frame 125 Framerate: 66.6 [Very Good Framerate]
 -- Frame 126 Framerate: 67.6 [Very Good Framerate]
 -- Frame 127 Framerate: 67.6 [Very Good Framerate]
 -- Frame 128 Framerate: 67.7 [Very Good Framerate]
 -- Frame 129 Framerate: 65.6 [Very Good Framerate]
 -- Frame 130 Framerate: 67.7 [Very Good Framerate]
 -- Frame 131 Framerate: 66.6 [Very Good Framerate]
 -- Frame 132 Framerate: 67.9 [Very Good Framerate]
 -- Frame 133 Framerate: 67.5 [Very Good Framerate]
 -- Frame 134 Framerate: 31.8 [Good Framerate]
 -- Frame 135 Framerate: 349.8 [Very Good Framerate]
 -- Frame 136 Framerate: 65.6 [Very Good Framerate]
 -- Frame 137 Framerate: 68.9 [Very Good Framerate]
 -- Frame 138 Framerate: 67.6 [Very Good Framerate]
 -- Frame 139 Framerate: 64.5 [Very Good Framerate]
 -- Frame 140 Framerate: 69.5 [Very Good Framerate]
 -- Frame 141 Framerate: 67.3 [Very Good Framerate]
 -- Frame 142 Framerate: 67.2 [Very Good Framerate]
 -- Frame 143 Framerate: 68.6 [Very Good Framerate]
 -- Frame 144 Framerate: 67.1 [Very Good Framerate]
 -- Frame 145 Framerate: 67.0 [Very Good Framerate]
 -- Frame 146 Framerate: 66.7 [Very Good Framerate]
 -- Frame 147 Framerate: 66.9 [Very Good Framerate]
 -- Frame 148 Framerate: 67.4 [Very Good Framerate]
 -- Frame 149 Framerate: 66.4 [Very Good Framerate]
 -- Frame 150 Framerate: 67.1 [Very Good Framerate]
 -- Frame 151 Framerate: 66.9 [Very Good Framerate]
 -- Frame 152 Framerate: 67.8 [Very Good Framerate]
 -- Frame 153 Framerate: 66.2 [Very Good Framerate]
 -- Frame 154 Framerate: 66.8 [Very Good Framerate]
 -- Frame 155 Framerate: 68.3 [Very Good Framerate]
 -- Frame 156 Framerate: 66.2 [Very Good Framerate]
 -- Frame 157 Framerate: 66.8 [Very Good Framerate]
 -- Frame 158 Framerate: 67.3 [Very Good Framerate]
 -- Frame 159 Framerate: 66.3 [Very Good Framerate]
 -- Frame 160 Framerate: 65.2 [Very Good Framerate]
 -- Frame 161 Framerate: 68.6 [Very Good Framerate]
 -- Frame 162 Framerate: 67.8 [Very Good Framerate]
 -- Frame 163 Framerate: 66.8 [Very Good Framerate]
 -- Frame 164 Framerate: 67.7 [Very Good Framerate]
 -- Frame 165 Framerate: 66.3 [Very Good Framerate]
 -- Frame 166 Framerate: 67.3 [Very Good Framerate]
 -- Frame 167 Framerate: 66.6 [Very Good Framerate]
 -- Frame 168 Framerate: 67.0 [Very Good Framerate]
 -- Frame 169 Framerate: 66.8 [Very Good Framerate]
 -- Frame 170 Framerate: 67.2 [Very Good Framerate]
 -- Frame 171 Framerate: 67.0 [Very Good Framerate]
 -- Frame 172 Framerate: 66.2 [Very Good Framerate]
 -- Frame 173 Framerate: 67.1 [Very Good Framerate]
 -- Frame 174 Framerate: 67.2 [Very Good Framerate]
 -- Frame 175 Framerate: 67.2 [Very Good Framerate]
 -- Frame 176 Framerate: 67.5 [Very Good Framerate]
 -- Frame 177 Framerate: 24.8 [Okay Framerate]
 -- Frame 178 Framerate: 356.5 [Very Good Framerate]
 -- Frame 179 Framerate: 67.1 [Very Good Framerate]
 -- Frame 180 Framerate: 66.2 [Very Good Framerate]
 -- Frame 181 Framerate: 67.0 [Very Good Framerate]
 -- Frame 182 Framerate: 66.8 [Very Good Framerate]
 -- Frame 183 Framerate: 66.3 [Very Good Framerate]
 -- Frame 184 Framerate: 67.6 [Very Good Framerate]
 -- Frame 185 Framerate: 67.1 [Very Good Framerate]
 -- Frame 186 Framerate: 66.5 [Very Good Framerate]
 -- Frame 187 Framerate: 67.5 [Very Good Framerate]
 -- Frame 188 Framerate: 67.1 [Very Good Framerate]
 -- Frame 189 Framerate: 65.9 [Very Good Framerate]
 -- Frame 190 Framerate: 67.2 [Very Good Framerate]
 -- Frame 191 Framerate: 66.8 [Very Good Framerate]
 -- Frame 192 Framerate: 67.2 [Very Good Framerate]
 -- Frame 193 Framerate: 66.4 [Very Good Framerate]
 -- Frame 194 Framerate: 67.4 [Very Good Framerate]
 -- Frame 195 Framerate: 67.1 [Very Good Framerate]
 -- Frame 196 Framerate: 66.4 [Very Good Framerate]
 -- Frame 197 Framerate: 67.2 [Very Good Framerate]
 -- Frame 198 Framerate: 66.4 [Very Good Framerate]
 -- Frame 199 Framerate: 67.9 [Very Good Framerate]
 -- Frame 200 Framerate: 66.8 [Very Good Framerate]
 -- Frame 201 Framerate: 66.9 [Very Good Framerate]
 -- Frame 202 Framerate: 67.2 [Very Good Framerate]
 -- Frame 203 Framerate: 66.3 [Very Good Framerate]
 -- Frame 204 Framerate: 67.3 [Very Good Framerate]
 -- Frame 205 Framerate: 67.5 [Very Good Framerate]
 -- Frame 206 Framerate: 66.8 [Very Good Framerate]
 -- Frame 207 Framerate: 66.8 [Very Good Framerate]
 -- Frame 208 Framerate: 67.4 [Very Good Framerate]
 -- Frame 209 Framerate: 67.5 [Very Good Framerate]
 -- Frame 210 Framerate: 64.6 [Very Good Framerate]
 -- Frame 211 Framerate: 69.1 [Very Good Framerate]
 -- Frame 212 Framerate: 68.1 [Very Good Framerate]
 -- Frame 213 Framerate: 66.6 [Very Good Framerate]
 -- Frame 214 Framerate: 68.7 [Very Good Framerate]
 -- Frame 215 Framerate: 66.2 [Very Good Framerate]
 -- Frame 216 Framerate: 67.1 [Very Good Framerate]
 -- Frame 217 Framerate: 65.9 [Very Good Framerate]
 -- Frame 218 Framerate: 68.7 [Very Good Framerate]
 -- Frame 219 Framerate: 66.6 [Very Good Framerate]
 -- Frame 220 Framerate: 65.9 [Very Good Framerate]
 -- Frame 221 Framerate: 68.4 [Very Good Framerate]
 -- Frame 222 Framerate: 67.6 [Very Good Framerate]
 -- Frame 223 Framerate: 67.3 [Very Good Framerate]
 -- Frame 224 Framerate: 60.5 [Very Good Framerate]
 -- Frame 225 Framerate: 75.8 [Very Good Framerate]
 -- Frame 226 Framerate: 67.9 [Very Good Framerate]
 -- Frame 227 Framerate: 66.1 [Very Good Framerate]
 -- Frame 228 Framerate: 66.4 [Very Good Framerate]
 -- Frame 229 Framerate: 67.3 [Very Good Framerate]
 -- Frame 230 Framerate: 66.9 [Very Good Framerate]
 -- Frame 231 Framerate: 67.2 [Very Good Framerate]
 -- Frame 232 Framerate: 67.3 [Very Good Framerate]
 -- Frame 233 Framerate: 66.2 [Very Good Framerate]
 -- Frame 234 Framerate: 67.4 [Very Good Framerate]
 -- Frame 235 Framerate: 67.2 [Very Good Framerate]
 -- Frame 236 Framerate: 67.5 [Very Good Framerate]
 -- Frame 237 Framerate: 67.4 [Very Good Framerate]
 -- Frame 238 Framerate: 67.1 [Very Good Framerate]
 -- Frame 239 Framerate: 67.5 [Very Good Framerate]
 -- Frame 240 Framerate: 66.6 [Very Good Framerate]
 -- Frame 241 Framerate: 66.9 [Very Good Framerate]
 -- Frame 242 Framerate: 67.1 [Very Good Framerate]
 -- Frame 243 Framerate: 68.1 [Very Good Framerate]
 -- Frame 244 Framerate: 66.1 [Very Good Framerate]
 -- Frame 245 Framerate: 68.0 [Very Good Framerate]
 -- Frame 246 Framerate: 66.1 [Very Good Framerate]
 -- Frame 247 Framerate: 67.9 [Very Good Framerate]
 -- Frame 248 Framerate: 66.3 [Very Good Framerate]
 -- Frame 249 Framerate: 66.6 [Very Good Framerate]
 -- Frame 250 Framerate: 68.8 [Very Good Framerate]
 -- Frame 251 Framerate: 40.8 [Very Good Framerate]
 -- Frame 252 Framerate: 195.2 [Very Good Framerate]
 -- Frame 253 Framerate: 66.3 [Very Good Framerate]
 -- Frame 254 Framerate: 68.1 [Very Good Framerate]
 -- Frame 255 Framerate: 66.9 [Very Good Framerate]
 -- Frame 256 Framerate: 64.1 [Very Good Framerate]
 -- Frame 257 Framerate: 70.4 [Very Good Framerate]
 -- Frame 258 Framerate: 66.0 [Very Good Framerate]
 -- Frame 259 Framerate: 67.5 [Very Good Framerate]
 -- Frame 260 Framerate: 66.1 [Very Good Framerate]
 -- Frame 261 Framerate: 69.6 [Very Good Framerate]
 -- Frame 262 Framerate: 66.2 [Very Good Framerate]
 -- Frame 263 Framerate: 66.1 [Very Good Framerate]
 -- Frame 264 Framerate: 67.2 [Very Good Framerate]
 -- Frame 265 Framerate: 66.9 [Very Good Framerate]
 -- Frame 266 Framerate: 66.7 [Very Good Framerate]
 -- Frame 267 Framerate: 67.5 [Very Good Framerate]
 -- Frame 268 Framerate: 66.3 [Very Good Framerate]
 -- Frame 269 Framerate: 67.0 [Very Good Framerate]
 -- Frame 270 Framerate: 66.8 [Very Good Framerate]
 -- Frame 271 Framerate: 67.4 [Very Good Framerate]
 -- Frame 272 Framerate: 67.0 [Very Good Framerate]
 -- Frame 273 Framerate: 68.4 [Very Good Framerate]
 -- Frame 274 Framerate: 66.6 [Very Good Framerate]
 -- Frame 275 Framerate: 67.1 [Very Good Framerate]
 -- Frame 276 Framerate: 67.0 [Very Good Framerate]
 -- Frame 277 Framerate: 66.4 [Very Good Framerate]
 -- Frame 278 Framerate: 67.5 [Very Good Framerate]
 -- Frame 279 Framerate: 65.6 [Very Good Framerate]
 -- Frame 280 Framerate: 67.7 [Very Good Framerate]
 -- Frame 281 Framerate: 64.9 [Very Good Framerate]
 -- Frame 282 Framerate: 68.6 [Very Good Framerate]
 -- Frame 283 Framerate: 67.0 [Very Good Framerate]
 -- Frame 284 Framerate: 67.3 [Very Good Framerate]
 -- Frame 285 Framerate: 65.9 [Very Good Framerate]
 -- Frame 286 Framerate: 67.6 [Very Good Framerate]
 -- Frame 287 Framerate: 66.4 [Very Good Framerate]
 -- Frame 288 Framerate: 68.1 [Very Good Framerate]
 -- Frame 289 Framerate: 66.7 [Very Good Framerate]
 -- Frame 290 Framerate: 67.4 [Very Good Framerate]
 -- Frame 291 Framerate: 66.6 [Very Good Framerate]
 -- Frame 292 Framerate: 66.8 [Very Good Framerate]
 -- Frame 293 Framerate: 66.9 [Very Good Framerate]
 -- Frame 294 Framerate: 67.4 [Very Good Framerate]
 -- Frame 295 Framerate: 67.0 [Very Good Framerate]
 -- Frame 296 Framerate: 67.1 [Very Good Framerate]
 -- Frame 297 Framerate: 80.2 [Very Good Framerate]
 -- Frame 298 Framerate: 71.5 [Very Good Framerate]
 -- Frame 299 Framerate: 66.8 [Very Good Framerate]
 -- Frame 300 Framerate: 66.8 [Very Good Framerate]
 -- Frame 301 Framerate: 66.9 [Very Good Framerate]
 -- Frame 302 Framerate: 75.4 [Very Good Framerate]
 -- Frame 303 Framerate: 71.4 [Very Good Framerate]
 -- Frame 304 Framerate: 73.7 [Very Good Framerate]
 -- Frame 305 Framerate: 53.8 [Very Good Framerate]
 -- Frame 306 Framerate: 351.0 [Very Good Framerate]
 -- Frame 307 Framerate: 323.5 [Very Good Framerate]
 -- Frame 308 Framerate: 82.1 [Very Good Framerate]
 -- Frame 309 Framerate: 108.0 [Very Good Framerate]
 -- Frame 310 Framerate: 67.6 [Very Good Framerate]
 -- Frame 311 Framerate: 68.6 [Very Good Framerate]
 -- Frame 312 Framerate: 59.1 [Very Good Framerate]
 -- Frame 313 Framerate: 74.8 [Very Good Framerate]
 -- Frame 314 Framerate: 64.1 [Very Good Framerate]
 -- Frame 315 Framerate: 68.3 [Very Good Framerate]
 -- Frame 316 Framerate: 63.5 [Very Good Framerate]
 -- Frame 317 Framerate: 58.9 [Very Good Framerate]
 -- Frame 318 Framerate: 77.0 [Very Good Framerate]
 -- Frame 319 Framerate: 63.5 [Very Good Framerate]
 -- Frame 320 Framerate: 85.3 [Very Good Framerate]
 -- Frame 321 Framerate: 65.0 [Very Good Framerate]
 -- Frame 322 Framerate: 62.1 [Very Good Framerate]
 -- Frame 323 Framerate: 70.6 [Very Good Framerate]
 -- Frame 324 Framerate: 64.5 [Very Good Framerate]
 -- Frame 325 Framerate: 68.3 [Very Good Framerate]
 -- Frame 326 Framerate: 63.7 [Very Good Framerate]
 -- Frame 327 Framerate: 63.1 [Very Good Framerate]
 -- Frame 328 Framerate: 69.5 [Very Good Framerate]
 -- Frame 329 Framerate: 69.8 [Very Good Framerate]
 -- Frame 330 Framerate: 64.5 [Very Good Framerate]
 -- Frame 331 Framerate: 68.8 [Very Good Framerate]
 -- Frame 332 Framerate: 59.9 [Very Good Framerate]
 -- Frame 333 Framerate: 69.4 [Very Good Framerate]
 -- Frame 334 Framerate: 68.7 [Very Good Framerate]
 -- Frame 335 Framerate: 63.3 [Very Good Framerate]
 -- Frame 336 Framerate: 68.4 [Very Good Framerate]
 -- Frame 337 Framerate: 59.3 [Very Good Framerate]
 -- Frame 338 Framerate: 75.1 [Very Good Framerate]
 -- Frame 339 Framerate: 64.5 [Very Good Framerate]
 -- Frame 340 Framerate: 63.6 [Very Good Framerate]
 -- Frame 341 Framerate: 67.6 [Very Good Framerate]
 -- Frame 342 Framerate: 63.9 [Very Good Framerate]
 -- Frame 343 Framerate: 68.3 [Very Good Framerate]
 -- Frame 344 Framerate: 63.7 [Very Good Framerate]
 -- Frame 345 Framerate: 67.2 [Very Good Framerate]
 -- Frame 346 Framerate: 63.7 [Very Good Framerate]
 -- Frame 347 Framerate: 59.1 [Very Good Framerate]
 -- Frame 348 Framerate: 76.7 [Very Good Framerate]
 -- Frame 349 Framerate: 63.2 [Very Good Framerate]
 -- Frame 350 Framerate: 71.8 [Very Good Framerate]
 -- Frame 351 Framerate: 63.8 [Very Good Framerate]
 -- Frame 352 Framerate: 63.8 [Very Good Framerate]
 -- Frame 353 Framerate: 68.7 [Very Good Framerate]
 -- Frame 354 Framerate: 66.7 [Very Good Framerate]
 -- Frame 355 Framerate: 70.4 [Very Good Framerate]
 -- Frame 356 Framerate: 66.2 [Very Good Framerate]
 -- Frame 357 Framerate: 59.3 [Very Good Framerate]
 -- Frame 358 Framerate: 78.8 [Very Good Framerate]
 -- Frame 359 Framerate: 66.7 [Very Good Framerate]
 -- Frame 360 Framerate: 67.4 [Very Good Framerate]
 -- Frame 361 Framerate: 70.1 [Very Good Framerate]
 -- Frame 362 Framerate: 63.5 [Very Good Framerate]
 -- Frame 363 Framerate: 75.6 [Very Good Framerate]
 -- Frame 364 Framerate: 36.2 [Good Framerate]
 -- Frame 365 Framerate: 664.5 [Very Good Framerate]
 -- Frame 366 Framerate: 82.0 [Very Good Framerate]
 -- Frame 367 Framerate: 63.2 [Very Good Framerate]
 -- Frame 368 Framerate: 75.0 [Very Good Framerate]
 -- Frame 369 Framerate: 68.8 [Very Good Framerate]
 -- Frame 370 Framerate: 65.7 [Very Good Framerate]
 -- Frame 371 Framerate: 71.8 [Very Good Framerate]
 -- Frame 372 Framerate: 62.9 [Very Good Framerate]
 -- Frame 373 Framerate: 75.9 [Very Good Framerate]
 -- Frame 374 Framerate: 69.6 [Very Good Framerate]
 -- Frame 375 Framerate: 69.1 [Very Good Framerate]
 -- Frame 376 Framerate: 69.3 [Very Good Framerate]
 -- Frame 377 Framerate: 104.5 [Very Good Framerate]
 -- Frame 378 Framerate: 71.2 [Very Good Framerate]
 -- Frame 379 Framerate: 70.5 [Very Good Framerate]
 -- Frame 380 Framerate: 66.8 [Very Good Framerate]
 -- Frame 381 Framerate: 65.3 [Very Good Framerate]
 -- Frame 382 Framerate: 69.7 [Very Good Framerate]
 -- Frame 383 Framerate: 66.5 [Very Good Framerate]
 -- Frame 384 Framerate: 63.8 [Very Good Framerate]
 -- Frame 385 Framerate: 65.1 [Very Good Framerate]
 -- Frame 386 Framerate: 69.4 [Very Good Framerate]
 -- Frame 387 Framerate: 65.9 [Very Good Framerate]
 -- Frame 388 Framerate: 67.0 [Very Good Framerate]
 -- Frame 389 Framerate: 67.9 [Very Good Framerate]
 -- Frame 390 Framerate: 76.8 [Very Good Framerate]
 -- Frame 391 Framerate: 65.3 [Very Good Framerate]
 -- Frame 392 Framerate: 61.5 [Very Good Framerate]
 -- Frame 393 Framerate: 71.0 [Very Good Framerate]
 -- Frame 394 Framerate: 66.4 [Very Good Framerate]
 -- Frame 395 Framerate: 66.4 [Very Good Framerate]
 -- Frame 396 Framerate: 64.2 [Very Good Framerate]
 -- Frame 397 Framerate: 67.5 [Very Good Framerate]
 -- Frame 398 Framerate: 64.7 [Very Good Framerate]
 -- Frame 399 Framerate: 66.7 [Very Good Framerate]
 -- Frame 400 Framerate: 65.3 [Very Good Framerate]
 -- Frame 401 Framerate: 65.3 [Very Good Framerate]
 -- Frame 402 Framerate: 63.6 [Very Good Framerate]
 -- Frame 403 Framerate: 70.4 [Very Good Framerate]
 -- Frame 404 Framerate: 70.3 [Very Good Framerate]
 -- Frame 405 Framerate: 71.1 [Very Good Framerate]
 -- Frame 406 Framerate: 71.7 [Very Good Framerate]
 -- Frame 407 Framerate: 69.1 [Very Good Framerate]
 -- Frame 408 Framerate: 69.9 [Very Good Framerate]
 -- Frame 409 Framerate: 72.4 [Very Good Framerate]
 -- Frame 410 Framerate: 72.6 [Very Good Framerate]
 -- Frame 411 Framerate: 70.2 [Very Good Framerate]
 -- Frame 412 Framerate: 71.2 [Very Good Framerate]
 -- Frame 413 Framerate: 69.1 [Very Good Framerate]
 -- Frame 414 Framerate: 71.4 [Very Good Framerate]
 -- Frame 415 Framerate: 69.0 [Very Good Framerate]
 -- Frame 416 Framerate: 74.0 [Very Good Framerate]
 -- Frame 417 Framerate: 70.4 [Very Good Framerate]
 -- Frame 418 Framerate: 70.2 [Very Good Framerate]
 -- Frame 419 Framerate: 70.3 [Very Good Framerate]
 -- Frame 420 Framerate: 71.5 [Very Good Framerate]
 -- Frame 421 Framerate: 69.4 [Very Good Framerate]
 -- Frame 422 Framerate: 72.1 [Very Good Framerate]
 -- Frame 423 Framerate: 70.6 [Very Good Framerate]
 -- Frame 424 Framerate: 71.3 [Very Good Framerate]
 -- Frame 425 Framerate: 51.4 [Very Good Framerate]
 -- Frame 426 Framerate: 112.7 [Very Good Framerate]
 -- Frame 427 Framerate: 171.5 [Very Good Framerate]
 -- Frame 428 Framerate: 69.2 [Very Good Framerate]
 -- Frame 429 Framerate: 69.0 [Very Good Framerate]
 -- Frame 430 Framerate: 70.8 [Very Good Framerate]
 -- Frame 431 Framerate: 69.7 [Very Good Framerate]
 -- Frame 432 Framerate: 64.8 [Very Good Framerate]
 -- Frame 433 Framerate: 67.7 [Very Good Framerate]
 -- Frame 434 Framerate: 24.5 [Okay Framerate]
 -- Frame 435 Framerate: 1736.1 [Very Good Framerate]
 -- Frame 436 Framerate: 80.7 [Very Good Framerate]
 -- Frame 437 Framerate: 65.1 [Very Good Framerate]
 -- Frame 438 Framerate: 65.4 [Very Good Framerate]
 -- Frame 439 Framerate: 76.0 [Very Good Framerate]
 -- Frame 440 Framerate: 65.8 [Very Good Framerate]
 -- Frame 441 Framerate: 65.6 [Very Good Framerate]
 -- Frame 442 Framerate: 65.0 [Very Good Framerate]
 -- Frame 443 Framerate: 64.5 [Very Good Framerate]
 -- Frame 444 Framerate: 66.3 [Very Good Framerate]
 -- Frame 445 Framerate: 66.2 [Very Good Framerate]
 -- Frame 446 Framerate: 69.1 [Very Good Framerate]
 -- Frame 447 Framerate: 64.2 [Very Good Framerate]
 -- Frame 448 Framerate: 67.0 [Very Good Framerate]
 -- Frame 449 Framerate: 66.5 [Very Good Framerate]
 -- Frame 450 Framerate: 66.9 [Very Good Framerate]
 -- Frame 451 Framerate: 64.6 [Very Good Framerate]
 -- Frame 452 Framerate: 68.2 [Very Good Framerate]
 -- Frame 453 Framerate: 67.1 [Very Good Framerate]
 -- Frame 454 Framerate: 65.2 [Very Good Framerate]
 -- Frame 455 Framerate: 66.6 [Very Good Framerate]
 -- Frame 456 Framerate: 65.7 [Very Good Framerate]
 -- Frame 457 Framerate: 65.1 [Very Good Framerate]
 -- Frame 458 Framerate: 65.0 [Very Good Framerate]
 -- Frame 459 Framerate: 64.8 [Very Good Framerate]
 -- Frame 460 Framerate: 65.5 [Very Good Framerate]
 -- Frame 461 Framerate: 64.9 [Very Good Framerate]
 -- Frame 462 Framerate: 66.7 [Very Good Framerate]
 -- Frame 463 Framerate: 65.5 [Very Good Framerate]
 -- Frame 464 Framerate: 65.7 [Very Good Framerate]
 -- Frame 465 Framerate: 66.0 [Very Good Framerate]
 -- Frame 466 Framerate: 65.1 [Very Good Framerate]
 -- Frame 467 Framerate: 66.5 [Very Good Framerate]
 -- Frame 468 Framerate: 67.4 [Very Good Framerate]
 -- Frame 469 Framerate: 65.0 [Very Good Framerate]
 -- Frame 470 Framerate: 65.0 [Very Good Framerate]
 -- Frame 471 Framerate: 66.8 [Very Good Framerate]
 -- Frame 472 Framerate: 65.0 [Very Good Framerate]
 -- Frame 473 Framerate: 65.9 [Very Good Framerate]
 -- Frame 474 Framerate: 66.5 [Very Good Framerate]
 -- Frame 475 Framerate: 65.1 [Very Good Framerate]
 -- Frame 476 Framerate: 65.6 [Very Good Framerate]
 -- Frame 477 Framerate: 65.8 [Very Good Framerate]
 -- Frame 478 Framerate: 65.6 [Very Good Framerate]
 -- Frame 479 Framerate: 66.3 [Very Good Framerate]
 -- Frame 480 Framerate: 65.9 [Very Good Framerate]
 -- Frame 481 Framerate: 65.5 [Very Good Framerate]
 -- Frame 482 Framerate: 65.6 [Very Good Framerate]
 -- Frame 483 Framerate: 65.9 [Very Good Framerate]
 -- Frame 484 Framerate: 65.4 [Very Good Framerate]
 -- Frame 485 Framerate: 66.4 [Very Good Framerate]
 -- Frame 486 Framerate: 56.3 [Very Good Framerate]
 -- Frame 487 Framerate: 78.3 [Very Good Framerate]
 -- Frame 488 Framerate: 66.0 [Very Good Framerate]
 -- Frame 489 Framerate: 65.7 [Very Good Framerate]
 -- Frame 490 Framerate: 66.1 [Very Good Framerate]
 -- Frame 491 Framerate: 77.1 [Very Good Framerate]
 -- Frame 492 Framerate: 64.7 [Very Good Framerate]
 -- Frame 493 Framerate: 65.0 [Very Good Framerate]
 -- Frame 494 Framerate: 67.1 [Very Good Framerate]
 -- Frame 495 Framerate: 66.1 [Very Good Framerate]
 -- Frame 496 Framerate: 65.7 [Very Good Framerate]
 -- Frame 497 Framerate: 66.7 [Very Good Framerate]
 -- Frame 498 Framerate: 65.9 [Very Good Framerate]
 -- Frame 499 Framerate: 64.7 [Very Good Framerate]
 -- Frame 500 Framerate: 65.9 [Very Good Framerate]
 -- Frame 501 Framerate: 66.3 [Very Good Framerate]
 -- Frame 502 Framerate: 66.0 [Very Good Framerate]
 -- Frame 503 Framerate: 65.4 [Very Good Framerate]
 -- Frame 504 Framerate: 75.5 [Very Good Framerate]
 -- Frame 505 Framerate: 65.7 [Very Good Framerate]
 -- Frame 506 Framerate: 65.3 [Very Good Framerate]
 -- Frame 507 Framerate: 65.2 [Very Good Framerate]
 -- Frame 508 Framerate: 65.1 [Very Good Framerate]
 -- Frame 509 Framerate: 66.1 [Very Good Framerate]
 -- Frame 510 Framerate: 65.9 [Very Good Framerate]
 -- Frame 511 Framerate: 64.5 [Very Good Framerate]
 -- Frame 512 Framerate: 65.3 [Very Good Framerate]
 -- Frame 513 Framerate: 66.5 [Very Good Framerate]
 -- Frame 514 Framerate: 29.2 [Good Framerate]
 -- Frame 515 Framerate: 2398.1 [Very Good Framerate]
 -- Frame 516 Framerate: 89.7 [Very Good Framerate]
 -- Frame 517 Framerate: 65.0 [Very Good Framerate]
 -- Frame 518 Framerate: 65.4 [Very Good Framerate]
 -- Frame 519 Framerate: 65.7 [Very Good Framerate]
 -- Frame 520 Framerate: 64.8 [Very Good Framerate]
 -- Frame 521 Framerate: 65.4 [Very Good Framerate]
 -- Frame 522 Framerate: 66.3 [Very Good Framerate]
 -- Frame 523 Framerate: 66.1 [Very Good Framerate]
 -- Frame 524 Framerate: 65.9 [Very Good Framerate]
 -- Frame 525 Framerate: 65.3 [Very Good Framerate]
 -- Frame 526 Framerate: 41.5 [Very Good Framerate]
 -- Frame 527 Framerate: 154.5 [Very Good Framerate]
 -- Frame 528 Framerate: 64.1 [Very Good Framerate]
 -- Frame 529 Framerate: 66.2 [Very Good Framerate]
 -- Frame 530 Framerate: 66.2 [Very Good Framerate]
 -- Frame 531 Framerate: 65.1 [Very Good Framerate]
 -- Frame 532 Framerate: 65.8 [Very Good Framerate]
 -- Frame 533 Framerate: 66.0 [Very Good Framerate]
 -- Frame 534 Framerate: 65.1 [Very Good Framerate]
 -- Frame 535 Framerate: 30.4 [Good Framerate]
 -- Frame 536 Framerate: 1865.7 [Very Good Framerate]
 -- Frame 537 Framerate: 40.6 [Very Good Framerate]
 -- Frame 538 Framerate: 606.1 [Very Good Framerate]
 -- Frame 539 Framerate: 81.1 [Very Good Framerate]
 -- Frame 540 Framerate: 76.7 [Very Good Framerate]
 -- Frame 541 Framerate: 70.2 [Very Good Framerate]
 -- Frame 542 Framerate: 66.6 [Very Good Framerate]
 -- Frame 543 Framerate: 65.9 [Very Good Framerate]
 -- Frame 544 Framerate: 70.9 [Very Good Framerate]
 -- Frame 545 Framerate: 67.7 [Very Good Framerate]
 -- Frame 546 Framerate: 66.2 [Very Good Framerate]
 -- Frame 547 Framerate: 56.6 [Very Good Framerate]
 -- Frame 548 Framerate: 76.4 [Very Good Framerate]
 -- Frame 549 Framerate: 70.3 [Very Good Framerate]
